<?xml version="1.0" encoding="utf-8"?><testsuites name="pytest tests"><testsuite name="pytest" errors="0" failures="0" skipped="0" tests="224" time="3.915" timestamp="2025-08-01T04:27:11.387842-03:00" hostname="igor-Lenovo-IdeaPad-S145-15IWL"><testcase classname="grimperium.tests.test_base_service.TestBaseService" name="test_init_with_service_name" time="0.003" /><testcase classname="grimperium.tests.test_base_service.TestBaseService" name="test_init_without_service_name" time="0.001" /><testcase classname="grimperium.tests.test_base_service.TestBaseService" name="test_setup_logger" time="0.001" /><testcase classname="grimperium.tests.test_base_service.TestBaseService" name="test_log_info" time="0.002" /><testcase classname="grimperium.tests.test_base_service.TestBaseService" name="test_log_info_with_args" time="0.002" /><testcase classname="grimperium.tests.test_base_service.TestBaseService" name="test_log_debug" time="0.002" /><testcase classname="grimperium.tests.test_base_service.TestBaseService" name="test_log_warning" time="0.002" /><testcase classname="grimperium.tests.test_base_service.TestBaseService" name="test_log_error" time="0.002" /><testcase classname="grimperium.tests.test_base_service.TestBaseService" name="test_validate_string_input_valid" time="0.001" /><testcase classname="grimperium.tests.test_base_service.TestBaseService" name="test_validate_string_input_none_not_allowed" time="0.003" /><testcase classname="grimperium.tests.test_base_service.TestBaseService" name="test_validate_string_input_none_allowed" time="0.001" /><testcase classname="grimperium.tests.test_base_service.TestBaseService" name="test_validate_string_input_not_string" time="0.003" /><testcase classname="grimperium.tests.test_base_service.TestBaseService" name="test_validate_string_input_empty_not_allowed" time="0.003" /><testcase classname="grimperium.tests.test_base_service.TestBaseService" name="test_validate_string_input_empty_allowed" time="0.001" /><testcase classname="grimperium.tests.test_base_service.TestBaseService" name="test_validate_path_input_valid" time="0.006" /><testcase classname="grimperium.tests.test_base_service.TestBaseService" name="test_validate_path_input_must_exist" time="0.003" /><testcase classname="grimperium.tests.test_base_service.TestBaseService" name="test_validate_path_input_exists" time="0.002" /><testcase classname="grimperium.tests.test_base_service.TestBaseService" name="test_handle_service_error" time="0.003" /><testcase classname="grimperium.tests.test_base_service.TestBaseService" name="test_handle_service_error_default_return" time="0.003" /><testcase classname="grimperium.tests.test_base_service.TestBaseService" name="test_create_service_result_success" time="0.001" /><testcase classname="grimperium.tests.test_base_service.TestBaseService" name="test_create_service_result_failure" time="0.001" /><testcase classname="grimperium.tests.test_base_service.TestBaseService" name="test_create_service_result_minimal" time="0.001" /><testcase classname="grimperium.tests.test_base_service.TestFileServiceMixin" name="test_ensure_directory_exists_success" time="0.002" /><testcase classname="grimperium.tests.test_base_service.TestFileServiceMixin" name="test_ensure_directory_exists_failure" time="0.003" /><testcase classname="grimperium.tests.test_base_service.TestFileServiceMixin" name="test_ensure_directory_exists_no_logger" time="0.003" /><testcase classname="grimperium.tests.test_base_service.TestFileServiceMixin" name="test_check_file_exists_and_readable_success" time="0.029" /><testcase classname="grimperium.tests.test_base_service.TestFileServiceMixin" name="test_check_file_exists_and_readable_not_exists" time="0.002" /><testcase classname="grimperium.tests.test_base_service.TestFileServiceMixin" name="test_check_file_exists_and_readable_not_file" time="0.003" /><testcase classname="grimperium.tests.test_base_service.TestFileServiceMixin" name="test_check_file_exists_and_readable_empty_file" time="0.003" /><testcase classname="grimperium.tests.test_base_service.TestFileServiceMixin" name="test_check_file_exists_and_readable_exception" time="0.001" /><testcase classname="grimperium.tests.test_base_service.TestFileServiceMixin" name="test_get_file_size_mb_success" time="0.002" /><testcase classname="grimperium.tests.test_base_service.TestFileServiceMixin" name="test_get_file_size_mb_not_exists" time="0.002" /><testcase classname="grimperium.tests.test_base_service.TestFileServiceMixin" name="test_get_file_size_mb_exception" time="0.001" /><testcase classname="grimperium.tests.test_base_service.TestFileServiceMixin" name="test_get_file_size_mb_large_file" time="0.002" /><testcase classname="grimperium.tests.test_config_manager.TestConfigManager" name="test_load_config_valid_file" time="0.009" /><testcase classname="grimperium.tests.test_config_manager.TestConfigManager" name="test_load_config_nonexistent_file" time="0.002" /><testcase classname="grimperium.tests.test_config_manager.TestConfigManager" name="test_load_config_invalid_yaml" time="0.002" /><testcase classname="grimperium.tests.test_config_manager.TestConfigManager" name="test_load_config_missing_required_sections" time="0.003" /><testcase classname="grimperium.tests.test_config_manager.TestConfigManager" name="test_validate_executables_all_present" time="0.001" /><testcase classname="grimperium.tests.test_config_manager.TestConfigManager" name="test_validate_executables_missing" time="0.007" /><testcase classname="grimperium.tests.test_config_manager.TestConfigManager" name="test_load_config_with_environment_variables" time="0.003" /><testcase classname="grimperium.tests.test_config_manager.TestConfigManager" name="test_config_default_values" time="0.002" /><testcase classname="grimperium.tests.test_config_manager.TestConfigManager" name="test_config_validation_with_invalid_paths" time="0.004" /><testcase classname="grimperium.tests.test_config_manager.TestConfigManager" name="test_config_with_relative_paths" time="0.006" /><testcase classname="grimperium.tests.test_config_manager.TestConfigManager" name="test_config_with_special_characters" time="0.007" /><testcase classname="grimperium.tests.test_config_manager.TestConfigManager" name="test_config_manager_error_handling" time="0.002" /><testcase classname="grimperium.tests.test_config_manager.TestConfigManager" name="test_config_merge_with_defaults" time="0.003" /><testcase classname="grimperium.tests.test_config_manager.TestConfigManagerUtilities" name="test_get_config_value_with_default" time="0.001" /><testcase classname="grimperium.tests.test_config_manager.TestConfigManagerUtilities" name="test_validate_config_structure" time="0.001" /><testcase classname="grimperium.tests.test_config_manager.TestConfigManagerUtilities" name="test_expand_config_paths" time="0.001" /><testcase classname="grimperium.tests.test_database_service.TestDatabaseService" name="test_get_existing_smiles_with_data" time="0.009" /><testcase classname="grimperium.tests.test_database_service.TestDatabaseService" name="test_get_existing_smiles_empty_file" time="0.005" /><testcase classname="grimperium.tests.test_database_service.TestDatabaseService" name="test_get_existing_smiles_nonexistent_file" time="0.001" /><testcase classname="grimperium.tests.test_database_service.TestDatabaseService" name="test_get_existing_smiles_malformed_csv" time="0.002" /><testcase classname="grimperium.tests.test_database_service.TestDatabaseService" name="test_append_to_database_new_entry" time="0.009" /><testcase classname="grimperium.tests.test_database_service.TestDatabaseService" name="test_append_to_database_duplicate_smiles" time="0.008" /><testcase classname="grimperium.tests.test_database_service.TestDatabaseService" name="test_append_to_database_new_file_creation" time="0.006" /><testcase classname="grimperium.tests.test_database_service.TestDatabaseService" name="test_append_to_database_file_permission_error" time="0.003" /><testcase classname="grimperium.tests.test_database_service.TestDatabaseService" name="test_append_to_database_missing_required_columns" time="0.003" /><testcase classname="grimperium.tests.test_database_service.TestDatabaseService" name="test_get_existing_identifiers" time="0.004" /><testcase classname="grimperium.tests.test_database_service.TestDatabaseService" name="test_database_service_with_different_csv_formats" time="0.005" /><testcase classname="grimperium.tests.test_database_service.TestDatabaseService" name="test_database_service_with_extra_columns" time="0.004" /><testcase classname="grimperium.tests.test_database_service.TestDatabaseService" name="test_concurrent_database_access_simulation" time="0.029" /><testcase classname="grimperium.tests.test_database_service.TestDatabaseServiceErrorHandling" name="test_handle_corrupted_csv_file" time="0.003" /><testcase classname="grimperium.tests.test_database_service.TestDatabaseServiceErrorHandling" name="test_handle_empty_csv_file" time="0.001" /><testcase classname="grimperium.tests.test_database_service.TestDatabaseServiceErrorHandling" name="test_handle_csv_with_missing_smiles_column" time="0.003" /><testcase classname="grimperium.tests.test_error_handler.TestErrorHandler" name="test_init_with_logger" time="0.002" /><testcase classname="grimperium.tests.test_error_handler.TestErrorHandler" name="test_init_without_logger" time="0.001" /><testcase classname="grimperium.tests.test_error_handler.TestErrorHandler" name="test_handle_grimperium_error" time="0.003" /><testcase classname="grimperium.tests.test_error_handler.TestErrorHandler" name="test_handle_standard_error" time="0.002" /><testcase classname="grimperium.tests.test_error_handler.TestErrorHandler" name="test_handle_error_without_context" time="0.004" /><testcase classname="grimperium.tests.test_error_handler.TestErrorHandler" name="test_handle_error_custom_log_level" time="0.004" /><testcase classname="grimperium.tests.test_error_handler.TestErrorHandler" name="test_create_error_response_grimperium_error" time="0.002" /><testcase classname="grimperium.tests.test_error_handler.TestErrorHandler" name="test_create_error_response_standard_error" time="0.002" /><testcase classname="grimperium.tests.test_error_handler.TestRetryOnError" name="test_retry_success_first_attempt" time="0.002" /><testcase classname="grimperium.tests.test_error_handler.TestRetryOnError" name="test_retry_success_after_failure" time="0.002" /><testcase classname="grimperium.tests.test_error_handler.TestRetryOnError" name="test_retry_max_attempts_exceeded" time="0.004" /><testcase classname="grimperium.tests.test_error_handler.TestRetryOnError" name="test_retry_specific_exceptions" time="0.002" /><testcase classname="grimperium.tests.test_error_handler.TestRetryOnError" name="test_retry_with_custom_logger" time="0.003" /><testcase classname="grimperium.tests.test_error_handler.TestRetryOnError" name="test_retry_backoff_factor" time="0.002" /><testcase classname="grimperium.tests.test_error_handler.TestLogExceptions" name="test_log_exceptions_success" time="0.002" /><testcase classname="grimperium.tests.test_error_handler.TestLogExceptions" name="test_log_exceptions_with_reraise" time="0.004" /><testcase classname="grimperium.tests.test_error_handler.TestLogExceptions" name="test_log_exceptions_without_reraise" time="0.002" /><testcase classname="grimperium.tests.test_error_handler.TestLogExceptions" name="test_log_exceptions_custom_log_level" time="0.002" /><testcase classname="grimperium.tests.test_error_handler.TestLogExceptions" name="test_log_exceptions_default_logger" time="0.002" /><testcase classname="grimperium.tests.test_error_handler.TestValidateAndConvert" name="test_validate_string_success" time="0.001" /><testcase classname="grimperium.tests.test_error_handler.TestValidateAndConvert" name="test_validate_string_empty_required" time="0.002" /><testcase classname="grimperium.tests.test_error_handler.TestValidateAndConvert" name="test_validate_string_empty_not_required" time="0.001" /><testcase classname="grimperium.tests.test_error_handler.TestValidateAndConvert" name="test_validate_int_success" time="0.001" /><testcase classname="grimperium.tests.test_error_handler.TestValidateAndConvert" name="test_validate_int_failure" time="0.001" /><testcase classname="grimperium.tests.test_error_handler.TestValidateAndConvert" name="test_validate_float_success" time="0.001" /><testcase classname="grimperium.tests.test_error_handler.TestValidateAndConvert" name="test_validate_float_failure" time="0.001" /><testcase classname="grimperium.tests.test_error_handler.TestValidateAndConvert" name="test_validate_bool_string_true" time="0.001" /><testcase classname="grimperium.tests.test_error_handler.TestValidateAndConvert" name="test_validate_bool_string_false" time="0.001" /><testcase classname="grimperium.tests.test_error_handler.TestValidateAndConvert" name="test_validate_bool_non_string" time="0.001" /><testcase classname="grimperium.tests.test_error_handler.TestValidateAndConvert" name="test_validate_none_required" time="0.001" /><testcase classname="grimperium.tests.test_error_handler.TestValidateAndConvert" name="test_validate_none_not_required" time="0.001" /><testcase classname="grimperium.tests.test_error_handler.TestValidateAndConvert" name="test_validate_custom_type" time="0.001" /><testcase classname="grimperium.tests.test_error_handler.TestValidateAndConvert" name="test_validate_custom_type_failure" time="0.001" /><testcase classname="grimperium.tests.test_error_handler.TestSafeExecute" name="test_safe_execute_success" time="0.001" /><testcase classname="grimperium.tests.test_error_handler.TestSafeExecute" name="test_safe_execute_with_kwargs" time="0.001" /><testcase classname="grimperium.tests.test_error_handler.TestSafeExecute" name="test_safe_execute_failure_default_return" time="0.001" /><testcase classname="grimperium.tests.test_error_handler.TestSafeExecute" name="test_safe_execute_with_error_handler" time="0.002" /><testcase classname="grimperium.tests.test_error_handler.TestSafeExecute" name="test_safe_execute_none_kwargs" time="0.001" /><testcase classname="grimperium.tests.test_error_handler.TestSafeExecute" name="test_safe_execute_default_error_handler" time="0.001" /><testcase classname="grimperium.tests.test_file_utils.TestSanitizeFilename" name="test_sanitize_basic_filename" time="0.001" /><testcase classname="grimperium.tests.test_file_utils.TestSanitizeFilename" name="test_sanitize_with_special_characters" time="0.001" /><testcase classname="grimperium.tests.test_file_utils.TestSanitizeFilename" name="test_sanitize_with_spaces" time="0.001" /><testcase classname="grimperium.tests.test_file_utils.TestSanitizeFilename" name="test_sanitize_empty_string" time="0.001" /><testcase classname="grimperium.tests.test_file_utils.TestSanitizeFilename" name="test_sanitize_only_special_characters" time="0.001" /><testcase classname="grimperium.tests.test_file_utils.TestSanitizeFilename" name="test_sanitize_with_custom_replacement" time="0.001" /><testcase classname="grimperium.tests.test_file_utils.TestSanitizeFilename" name="test_sanitize_multiple_replacements" time="0.001" /><testcase classname="grimperium.tests.test_file_utils.TestSanitizeFilename" name="test_sanitize_leading_trailing_dots" time="0.001" /><testcase classname="grimperium.tests.test_file_utils.TestSanitizeFilename" name="test_sanitize_leading_trailing_replacements" time="0.001" /><testcase classname="grimperium.tests.test_file_utils.TestEnsureDirectoryExists" name="test_ensure_directory_success" time="0.002" /><testcase classname="grimperium.tests.test_file_utils.TestEnsureDirectoryExists" name="test_ensure_directory_failure" time="0.002" /><testcase classname="grimperium.tests.test_file_utils.TestEnsureDirectoryExists" name="test_ensure_directory_with_logger" time="0.003" /><testcase classname="grimperium.tests.test_file_utils.TestValidateFileExists" name="test_validate_file_exists_success" time="0.005" /><testcase classname="grimperium.tests.test_file_utils.TestValidateFileExists" name="test_validate_file_not_exists" time="0.002" /><testcase classname="grimperium.tests.test_file_utils.TestValidateFileExists" name="test_validate_file_not_a_file" time="0.002" /><testcase classname="grimperium.tests.test_file_utils.TestValidateFileExists" name="test_validate_file_too_small" time="0.002" /><testcase classname="grimperium.tests.test_file_utils.TestValidateFileExists" name="test_validate_file_not_readable" time="0.002" /><testcase classname="grimperium.tests.test_file_utils.TestValidateFileExists" name="test_validate_file_no_readability_check" time="0.002" /><testcase classname="grimperium.tests.test_file_utils.TestValidateFileExists" name="test_validate_file_exception_handling" time="0.001" /><testcase classname="grimperium.tests.test_file_utils.TestGetFileExtension" name="test_get_extension_normal_file" time="0.001" /><testcase classname="grimperium.tests.test_file_utils.TestGetFileExtension" name="test_get_extension_multiple_dots" time="0.001" /><testcase classname="grimperium.tests.test_file_utils.TestGetFileExtension" name="test_get_extension_no_extension" time="0.001" /><testcase classname="grimperium.tests.test_file_utils.TestGetFileExtension" name="test_get_extension_hidden_file" time="0.001" /><testcase classname="grimperium.tests.test_file_utils.TestGetFileExtension" name="test_get_extension_uppercase" time="0.001" /><testcase classname="grimperium.tests.test_file_utils.TestIsSupportedFormat" name="test_is_supported_valid_format" time="0.001" /><testcase classname="grimperium.tests.test_file_utils.TestIsSupportedFormat" name="test_is_supported_with_dot" time="0.001" /><testcase classname="grimperium.tests.test_file_utils.TestIsSupportedFormat" name="test_is_supported_uppercase" time="0.001" /><testcase classname="grimperium.tests.test_file_utils.TestIsSupportedFormat" name="test_is_supported_invalid_format" time="0.001" /><testcase classname="grimperium.tests.test_file_utils.TestValidateFileFormat" name="test_validate_format_supported" time="0.001" /><testcase classname="grimperium.tests.test_file_utils.TestValidateFileFormat" name="test_validate_format_expected_formats" time="0.001" /><testcase classname="grimperium.tests.test_file_utils.TestValidateFileFormat" name="test_validate_format_no_extension" time="0.001" /><testcase classname="grimperium.tests.test_file_utils.TestValidateFileFormat" name="test_validate_format_too_long" time="0.001" /><testcase classname="grimperium.tests.test_file_utils.TestValidateFileFormat" name="test_validate_format_unexpected" time="0.001" /><testcase classname="grimperium.tests.test_file_utils.TestValidateFileFormat" name="test_validate_format_unsupported" time="0.001" /><testcase classname="grimperium.tests.test_file_utils.TestFindFilesByPattern" name="test_find_files_success" time="0.003" /><testcase classname="grimperium.tests.test_file_utils.TestFindFilesByPattern" name="test_find_files_recursive" time="0.002" /><testcase classname="grimperium.tests.test_file_utils.TestFindFilesByPattern" name="test_find_files_directory_not_exists" time="0.002" /><testcase classname="grimperium.tests.test_file_utils.TestFindFilesByPattern" name="test_find_files_max_results" time="0.005" /><testcase classname="grimperium.tests.test_file_utils.TestFindFilesByPattern" name="test_find_files_exception_handling" time="0.001" /><testcase classname="grimperium.tests.test_file_utils.TestGetUniqueOutputPath" name="test_unique_path_not_exists" time="0.003" /><testcase classname="grimperium.tests.test_file_utils.TestGetUniqueOutputPath" name="test_unique_path_exists" time="0.001" /><testcase classname="grimperium.tests.test_file_utils.TestGetUniqueOutputPath" name="test_unique_path_with_extension" time="0.003" /><testcase classname="grimperium.tests.test_file_utils.TestGetUniqueOutputPath" name="test_unique_path_infinite_loop_protection" time="0.156" /><testcase classname="grimperium.tests.test_file_utils.TestCopyFileSafely" name="test_copy_file_success" time="0.003" /><testcase classname="grimperium.tests.test_file_utils.TestCopyFileSafely" name="test_copy_file_source_not_exists" time="0.002" /><testcase classname="grimperium.tests.test_file_utils.TestCopyFileSafely" name="test_copy_file_source_not_file" time="0.002" /><testcase classname="grimperium.tests.test_file_utils.TestCopyFileSafely" name="test_copy_file_destination_exists_no_overwrite" time="0.002" /><testcase classname="grimperium.tests.test_file_utils.TestCopyFileSafely" name="test_copy_file_with_logger" time="0.004" /><testcase classname="grimperium.tests.test_file_utils.TestCleanupTempFiles" name="test_cleanup_success" time="0.003" /><testcase classname="grimperium.tests.test_file_utils.TestCleanupTempFiles" name="test_cleanup_file_not_exists" time="0.002" /><testcase classname="grimperium.tests.test_file_utils.TestCleanupTempFiles" name="test_cleanup_with_exception" time="0.003" /><testcase classname="grimperium.tests.test_file_utils.TestCleanupTempFiles" name="test_cleanup_with_logger" time="0.005" /><testcase classname="grimperium.tests.test_interactive_batch.TestInteractiveBatchWorkflow" name="test_init" time="0.002" /><testcase classname="grimperium.tests.test_interactive_batch.TestInteractiveBatchWorkflow" name="test_reset_validation_state" time="0.002" /><testcase classname="grimperium.tests.test_interactive_batch.TestInteractiveBatchWorkflow" name="test_add_single_molecule_success" time="0.030" /><testcase classname="grimperium.tests.test_interactive_batch.TestInteractiveBatchWorkflow" name="test_add_single_molecule_duplicate" time="0.003" /><testcase classname="grimperium.tests.test_interactive_batch.TestInteractiveBatchWorkflow" name="test_add_from_another_list_success" time="0.005" /><testcase classname="grimperium.tests.test_interactive_batch.TestInteractiveBatchWorkflow" name="test_add_from_another_list_with_duplicates" time="0.005" /><testcase classname="grimperium.tests.test_interactive_batch.TestInteractiveBatchWorkflow" name="test_add_from_another_list_cancelled" time="0.003" /><testcase classname="grimperium.tests.test_interactive_batch.TestInteractiveBatchWorkflow" name="test_convert_molecules_to_smiles_success" time="0.004" /><testcase classname="grimperium.tests.test_interactive_batch.TestInteractiveBatchWorkflow" name="test_convert_molecules_to_smiles_partial_failure" time="0.005" /><testcase classname="grimperium.tests.test_interactive_batch.TestInteractiveBatchWorkflow" name="test_validate_database_duplicates_no_duplicates" time="0.004" /><testcase classname="grimperium.tests.test_interactive_batch.TestInteractiveBatchWorkflow" name="test_validate_database_duplicates_overwrite_all" time="0.005" /><testcase classname="grimperium.tests.test_interactive_batch.TestInteractiveBatchWorkflow" name="test_validate_database_duplicates_skip_all" time="0.007" /><testcase classname="grimperium.tests.test_interactive_batch.TestInteractiveBatchWorkflow" name="test_validate_database_duplicates_individual_selection" time="0.009" /><testcase classname="grimperium.tests.test_interactive_batch.TestInteractiveBatchWorkflow" name="test_validate_database_duplicates_individual_cancelled" time="0.005" /><testcase classname="grimperium.tests.test_interactive_batch.TestInteractiveBatchWorkflow" name="test_validate_database_duplicates_individual_none_selected" time="0.007" /><testcase classname="grimperium.tests.test_interactive_batch.TestInteractiveBatchWorkflow" name="test_validate_pubchem_availability_all_found" time="0.003" /><testcase classname="grimperium.tests.test_interactive_batch.TestInteractiveBatchWorkflow" name="test_validate_pubchem_availability_some_not_found" time="0.006" /><testcase classname="grimperium.tests.test_interactive_batch.TestInteractiveBatchWorkflow" name="test_validation_steps_complete_success" time="0.004" /><testcase classname="grimperium.tests.test_interactive_batch.TestInteractiveBatchWorkflow" name="test_validation_steps_smiles_conversion_failure" time="0.003" /><testcase classname="grimperium.tests.test_interactive_batch.TestInteractiveBatchWorkflow" name="test_validation_steps_database_validation_failure" time="0.003" /><testcase classname="grimperium.tests.test_interactive_batch.TestInteractiveBatchWorkflow" name="test_validation_steps_pubchem_validation_failure" time="0.003" /><testcase classname="grimperium.tests.test_interactive_batch.TestInteractiveBatchWorkflow" name="test_interactive_editing_mode_validation_reset" time="0.004" /><testcase classname="grimperium.tests.test_interactive_batch.TestInteractiveBatchWorkflowIntegration" name="test_file_import_triggers_validation_reset" time="0.004" /><testcase classname="grimperium.tests.test_interactive_batch.TestInteractiveBatchWorkflowIntegration" name="test_end_to_end_workflow_simulation" time="0.003" /><testcase classname="grimperium.tests.test_pipeline_orchestrator.TestSanitizeIdentifier" name="test_basic_sanitization" time="0.001" /><testcase classname="grimperium.tests.test_pipeline_orchestrator.TestSanitizeIdentifier" name="test_special_characters" time="0.001" /><testcase classname="grimperium.tests.test_pipeline_orchestrator.TestSanitizeIdentifier" name="test_edge_cases" time="0.001" /><testcase classname="grimperium.tests.test_pipeline_orchestrator.TestPipelineOrchestrator" name="test_process_single_molecule_success" time="0.013" /><testcase classname="grimperium.tests.test_pipeline_orchestrator.TestPipelineOrchestrator" name="test_process_single_molecule_pubchem_failure" time="0.002" /><testcase classname="grimperium.tests.test_pipeline_orchestrator.TestPipelineOrchestrator" name="test_process_single_molecule_conversion_failure" time="0.003" /><testcase classname="grimperium.tests.test_pipeline_orchestrator.TestPipelineOrchestrator" name="test_process_single_molecule_crest_failure" time="0.004" /><testcase classname="grimperium.tests.test_pipeline_orchestrator.TestExtractSmilesFromSdf" name="test_extract_smiles_success" time="0.003" /><testcase classname="grimperium.tests.test_pipeline_orchestrator.TestExtractSmilesFromSdf" name="test_extract_smiles_conversion_failure" time="0.002" /><testcase classname="grimperium.tests.test_pipeline_orchestrator.TestExtractSmilesFromSdf" name="test_extract_smiles_file_not_found" time="0.003" /><testcase classname="grimperium.tests.test_subprocess_utils.TestSubprocessResult" name="test_init" time="0.001" /><testcase classname="grimperium.tests.test_subprocess_utils.TestSubprocessResult" name="test_success_property_true" time="0.001" /><testcase classname="grimperium.tests.test_subprocess_utils.TestSubprocessResult" name="test_success_property_false_nonzero_return" time="0.001" /><testcase classname="grimperium.tests.test_subprocess_utils.TestSubprocessResult" name="test_success_property_false_timeout" time="0.001" /><testcase classname="grimperium.tests.test_subprocess_utils.TestSubprocessResult" name="test_command_str_property" time="0.001" /><testcase classname="grimperium.tests.test_subprocess_utils.TestSubprocessResult" name="test_str_representation_success" time="0.001" /><testcase classname="grimperium.tests.test_subprocess_utils.TestSubprocessResult" name="test_str_representation_failure" time="0.001" /><testcase classname="grimperium.tests.test_subprocess_utils.TestExecuteCommand" name="test_execute_command_success" time="0.002" /><testcase classname="grimperium.tests.test_subprocess_utils.TestExecuteCommand" name="test_execute_command_with_options" time="0.002" /><testcase classname="grimperium.tests.test_subprocess_utils.TestExecuteCommand" name="test_execute_command_failure" time="0.002" /><testcase classname="grimperium.tests.test_subprocess_utils.TestExecuteCommand" name="test_execute_command_timeout" time="0.002" /><testcase classname="grimperium.tests.test_subprocess_utils.TestExecuteCommand" name="test_execute_command_file_not_found" time="0.002" /><testcase classname="grimperium.tests.test_subprocess_utils.TestExecuteCommand" name="test_execute_command_unexpected_error" time="0.002" /><testcase classname="grimperium.tests.test_subprocess_utils.TestExecuteCommand" name="test_execute_command_invalid_command" time="0.003" /><testcase classname="grimperium.tests.test_subprocess_utils.TestExecuteCommand" name="test_execute_command_no_capture_output" time="0.002" /><testcase classname="grimperium.tests.test_subprocess_utils.TestExecuteCommand" name="test_execute_command_with_logger" time="0.002" /><testcase classname="grimperium.tests.test_subprocess_utils.TestCheckExecutableAvailable" name="test_check_executable_found" time="0.001" /><testcase classname="grimperium.tests.test_subprocess_utils.TestCheckExecutableAvailable" name="test_check_executable_not_found" time="0.001" /><testcase classname="grimperium.tests.test_subprocess_utils.TestCheckExecutableAvailable" name="test_check_executable_exception" time="0.001" /><testcase classname="grimperium.tests.test_subprocess_utils.TestCheckExecutableAvailable" name="test_check_executable_with_logger" time="0.002" /><testcase classname="grimperium.tests.test_subprocess_utils.TestValidateExecutableVersion" name="test_validate_version_success" time="0.002" /><testcase classname="grimperium.tests.test_subprocess_utils.TestValidateExecutableVersion" name="test_validate_version_executable_not_found" time="0.001" /><testcase classname="grimperium.tests.test_subprocess_utils.TestValidateExecutableVersion" name="test_validate_version_command_failed" time="0.002" /><testcase classname="grimperium.tests.test_subprocess_utils.TestValidateExecutableVersion" name="test_validate_version_custom_args" time="0.002" /><testcase classname="grimperium.tests.test_subprocess_utils.TestValidateExecutableVersion" name="test_validate_version_with_logger" time="0.002" /><testcase classname="grimperium.tests.test_subprocess_utils.TestCreateOutputFilePath" name="test_create_output_path_same_directory" time="0.001" /><testcase classname="grimperium.tests.test_subprocess_utils.TestCreateOutputFilePath" name="test_create_output_path_custom_directory" time="0.001" /><testcase classname="grimperium.tests.test_subprocess_utils.TestCreateOutputFilePath" name="test_create_output_path_extension_with_dot" time="0.001" /><testcase classname="grimperium.tests.test_subprocess_utils.TestCreateOutputFilePath" name="test_create_output_path_complex_filename" time="0.001" /><testcase classname="grimperium.tests.test_subprocess_utils.TestCreateOutputFilePath" name="test_create_output_path_no_extension_input" time="0.001" /><testcase classname="grimperium.tests.test_subprocess_utils.TestCreateOutputFilePath" name="test_create_output_path_relative_input" time="0.001" /><testcase classname="grimperium.tests.test_subprocess_utils.TestCreateOutputFilePath" name="test_create_output_path_relative_output_dir" time="0.001" /><testcase classname="grimperium.tests.test_subprocess_utils.TestCreateOutputFilePath" name="test_create_output_path_current_directory" time="0.004" /></testsuite></testsuites>